Arguments: 
  C:\Program Files\nodejs\node.exe C:\Users\admin\AppData\Roaming\npm\node_modules\yarn\bin\yarn.js install

PATH: 
  C:\Python36\Scripts\;C:\Python36\;C:\Program Files\Common Files\Oracle\Java\javapath;C:\Program Files (x86)\Common Files\Oracle\Java\javapath;C:\WINDOWS\system32;C:\WINDOWS;C:\WINDOWS\System32\Wbem;C:\WINDOWS\System32\WindowsPowerShell\v1.0\;C:\WINDOWS\System32\OpenSSH\;C:\Program Files\Git\cmd;C:\Program Files\nodejs\;C:\Users\admin\AppData\Local\Microsoft\WindowsApps;C:\Users\admin\AppData\Roaming\npm;C:\Program Files\MongoDB\Server\4.4\bin;C:\Users\admin\AppData\Local\Android\Sdk\platform-tools;C:\Users\admin\AppData\Local\Android\Sdk\emulator;C:\Users\admin\AppData\Local\Programs\Microsoft VS Code\bin;C:\Program Files\MongoDB\Tools\100\bin;C:\Users\admin\AppData\Local\GitHubDesktop\bin;C:\sqlite;C:\Python27;C:\Program Files\heroku\bin

Yarn version: 
  1.22.17

Node version: 
  14.17.1

Platform: 
  win32 x64

Trace: 
  Error: getaddrinfo ENOTFOUND registry.yarnpkg.com
      at GetAddrInfoReqWrap.onlookup [as oncomplete] (dns.js:69:26)

npm manifest: 
  {
    "name": "backend",
    "version": "1.0.0",
    "engines": {
      "node": "14.17.1"
    },
    "description": "This is backend of Application",
    "main": "index.js",
    "scripts": {
      "start": "nodemon ./src/index.server.js"
    },
    "author": "",
    "license": "ISC",
    "dependencies": {
      "adm-zip": "^0.5.5",
      "bcrypt": "^5.0.1",
      "bcrypt-nodejs": "0.0.3",
      "cors": "^2.8.5",
      "dotenv": "^10.0.0",
      "express": "^4.17.1",
      "express-validator": "^6.12.0",
      "jsonwebtoken": "^8.5.1",
      "mongoose": "^5.12.13",
      "multer": "^1.4.2",
      "nodemailer": "^6.6.1",
      "nodemailer-express-handlebars": "^4.0.0",
      "path": "^0.12.7",
      "slugify": "^1.5.3",
      "yarn": "^1.22.17"
    },
    "devDependencies": {
      "nodemon": "^2.0.7"
    }
  }

yarn manifest: 
  No manifest

Lockfile: 
  No lockfile
